<?xml version="1.0" encoding="UTF-8"?>
<!-- Generated by org.testng.reporters.JUnitReportReporter -->
<testsuite skipped="0" hostname="Quilat-PC" name="testAPI" tests="4" failures="0" timestamp="2021-05-18T23:46:09 SGT" time="5.751" errors="0">
  <testcase name="testget" time="0.481" classname="testAPI"/>
  <system-out/>
  <testcase name="testdelete" time="3.331" classname="testAPI"/>
  <system-out/>
  <testcase name="testpatch" time="0.986" classname="testAPI"/>
  <system-out/>
  <testcase name="testpost" time="0.953" classname="testAPI"/>
  <system-out/>
</testsuite> <!-- testAPI -->
